Start testing: May 18 13:52 UTC
----------------------------------------------------------
1/1 Testing: sfinae_tests
1/1 Test: sfinae_tests
Command: "/home/travis/build/CEBEP9HUH/OTUS_Homework_4/build/sfinae_tests"
Directory: /home/travis/build/CEBEP9HUH/OTUS_Homework_4/build
"sfinae_tests" start time: May 18 13:52 UTC
Output:
----------------------------------------------------------
Running main() from gtest_main.cc
[==========] Running 4 tests from 1 test case.
[----------] Global test environment set-up.
[----------] 4 tests from SFINAE
[ RUN      ] SFINAE.string_test
[       OK ] SFINAE.string_test (0 ms)
[ RUN      ] SFINAE.integral_test
[       OK ] SFINAE.integral_test (0 ms)
[ RUN      ] SFINAE.container_test
[       OK ] SFINAE.container_test (0 ms)
[ RUN      ] SFINAE.tuple_test
[       OK ] SFINAE.tuple_test (0 ms)
[----------] 4 tests from SFINAE (1 ms total)

[----------] Global test environment tear-down
[==========] 4 tests from 1 test case ran. (1 ms total)
[  PASSED  ] 4 tests.
<end of output>
Test time =   0.00 sec
----------------------------------------------------------
Test Passed.
"sfinae_tests" end time: May 18 13:52 UTC
"sfinae_tests" time elapsed: 00:00:00
----------------------------------------------------------

End testing: May 18 13:52 UTC
